<?xml version="1.0" encoding="UTF-8"?>
<testng-results ignored="0" total="8" passed="8" failed="0" skipped="0">
  <reporter-output>
  </reporter-output>
  <suite started-at="2022-09-16T01:43:56Z" name="Suite pruebas de regresión" finished-at="2022-09-16T01:47:30Z" duration-ms="214369">
    <groups>
    </groups>
    <test started-at="2022-09-16T01:43:56Z" name="Test Basics 1" finished-at="2022-09-16T01:47:30Z" duration-ms="214369">
      <class name="tests.Tests">
        <test-method is-config="true" signature="inicioSuitDePruebas()[pri:0, instance:tests.Tests@2b546384]" started-at="2022-09-16T01:43:56Z" name="inicioSuitDePruebas" finished-at="2022-09-16T01:43:56Z" duration-ms="7" status="PASS">
          <reporter-output>
          </reporter-output>
        </test-method> <!-- inicioSuitDePruebas -->
        <test-method is-config="true" signature="preparacionClase()[pri:0, instance:tests.Tests@2b546384]" started-at="2022-09-16T01:43:56Z" name="preparacionClase" finished-at="2022-09-16T01:43:56Z" duration-ms="1" status="PASS">
          <reporter-output>
          </reporter-output>
        </test-method> <!-- preparacionClase -->
        <test-method is-config="true" signature="preparacionTests()[pri:0, instance:tests.Tests@2b546384]" started-at="2022-09-16T01:43:56Z" name="preparacionTests" finished-at="2022-09-16T01:44:10Z" duration-ms="14579" status="PASS">
          <reporter-output>
          </reporter-output>
        </test-method> <!-- preparacionTests -->
        <test-method signature="CP001_loginInvalidEmail()[pri:0, instance:tests.Tests@2b546384]" started-at="2022-09-16T01:44:10Z" name="CP001_loginInvalidEmail" finished-at="2022-09-16T01:44:28Z" duration-ms="18037" status="PASS">
          <reporter-output>
          </reporter-output>
        </test-method> <!-- CP001_loginInvalidEmail -->
        <test-method is-config="true" signature="preparacionPrueba()[pri:0, instance:tests.Tests@2b546384]" started-at="2022-09-16T01:44:28Z" name="preparacionPrueba" finished-at="2022-09-16T01:44:28Z" duration-ms="40" status="PASS">
          <reporter-output>
          </reporter-output>
        </test-method> <!-- preparacionPrueba -->
        <test-method is-config="true" signature="preparacionTests()[pri:0, instance:tests.Tests@2b546384]" started-at="2022-09-16T01:44:28Z" name="preparacionTests" finished-at="2022-09-16T01:44:38Z" duration-ms="9615" status="PASS">
          <reporter-output>
          </reporter-output>
        </test-method> <!-- preparacionTests -->
        <test-method signature="CP002_loginEmail()[pri:0, instance:tests.Tests@2b546384]" started-at="2022-09-16T01:44:38Z" name="CP002_loginEmail" finished-at="2022-09-16T01:44:49Z" duration-ms="11104" status="PASS">
          <reporter-output>
          </reporter-output>
        </test-method> <!-- CP002_loginEmail -->
        <test-method is-config="true" signature="preparacionPrueba()[pri:0, instance:tests.Tests@2b546384]" started-at="2022-09-16T01:44:49Z" name="preparacionPrueba" finished-at="2022-09-16T01:44:51Z" duration-ms="2406" status="PASS">
          <reporter-output>
          </reporter-output>
        </test-method> <!-- preparacionPrueba -->
        <test-method is-config="true" signature="preparacionTests()[pri:0, instance:tests.Tests@2b546384]" started-at="2022-09-16T01:44:51Z" name="preparacionTests" finished-at="2022-09-16T01:44:58Z" duration-ms="6181" status="PASS">
          <reporter-output>
          </reporter-output>
        </test-method> <!-- preparacionTests -->
        <test-method signature="CP003_logInSuccessfully()[pri:0, instance:tests.Tests@2b546384]" started-at="2022-09-16T01:44:58Z" name="CP003_logInSuccessfully" finished-at="2022-09-16T01:45:09Z" duration-ms="11459" status="PASS">
          <reporter-output>
          </reporter-output>
        </test-method> <!-- CP003_logInSuccessfully -->
        <test-method is-config="true" signature="preparacionPrueba()[pri:0, instance:tests.Tests@2b546384]" started-at="2022-09-16T01:45:09Z" name="preparacionPrueba" finished-at="2022-09-16T01:45:09Z" duration-ms="50" status="PASS">
          <reporter-output>
          </reporter-output>
        </test-method> <!-- preparacionPrueba -->
        <test-method is-config="true" signature="preparacionTests()[pri:0, instance:tests.Tests@2b546384]" started-at="2022-09-16T01:45:09Z" name="preparacionTests" finished-at="2022-09-16T01:45:16Z" duration-ms="7277" status="PASS">
          <reporter-output>
          </reporter-output>
        </test-method> <!-- preparacionTests -->
        <test-method signature="CP004_addProductToWishlist()[pri:0, instance:tests.Tests@2b546384]" started-at="2022-09-16T01:45:16Z" name="CP004_addProductToWishlist" finished-at="2022-09-16T01:45:35Z" duration-ms="18861" status="PASS">
          <reporter-output>
          </reporter-output>
        </test-method> <!-- CP004_addProductToWishlist -->
        <test-method is-config="true" signature="preparacionPrueba()[pri:0, instance:tests.Tests@2b546384]" started-at="2022-09-16T01:45:35Z" name="preparacionPrueba" finished-at="2022-09-16T01:45:35Z" duration-ms="52" status="PASS">
          <reporter-output>
          </reporter-output>
        </test-method> <!-- preparacionPrueba -->
        <test-method is-config="true" signature="preparacionTests()[pri:0, instance:tests.Tests@2b546384]" started-at="2022-09-16T01:45:35Z" name="preparacionTests" finished-at="2022-09-16T01:45:43Z" duration-ms="7724" status="PASS">
          <reporter-output>
          </reporter-output>
        </test-method> <!-- preparacionTests -->
        <test-method signature="CP005_checkThatProductAppearsonWantedList()[pri:0, instance:tests.Tests@2b546384]" started-at="2022-09-16T01:45:43Z" name="CP005_checkThatProductAppearsonWantedList" finished-at="2022-09-16T01:46:17Z" duration-ms="33810" status="PASS">
          <reporter-output>
          </reporter-output>
        </test-method> <!-- CP005_checkThatProductAppearsonWantedList -->
        <test-method is-config="true" signature="preparacionPrueba()[pri:0, instance:tests.Tests@2b546384]" started-at="2022-09-16T01:46:17Z" name="preparacionPrueba" finished-at="2022-09-16T01:46:17Z" duration-ms="40" status="PASS">
          <reporter-output>
          </reporter-output>
        </test-method> <!-- preparacionPrueba -->
        <test-method is-config="true" signature="preparacionTests()[pri:0, instance:tests.Tests@2b546384]" started-at="2022-09-16T01:46:17Z" name="preparacionTests" finished-at="2022-09-16T01:46:22Z" duration-ms="5064" status="PASS">
          <reporter-output>
          </reporter-output>
        </test-method> <!-- preparacionTests -->
        <test-method signature="CP006_searchProductNotAddedToWishList()[pri:0, instance:tests.Tests@2b546384]" started-at="2022-09-16T01:46:22Z" name="CP006_searchProductNotAddedToWishList" finished-at="2022-09-16T01:46:53Z" duration-ms="31505" status="PASS">
          <reporter-output>
          </reporter-output>
        </test-method> <!-- CP006_searchProductNotAddedToWishList -->
        <test-method is-config="true" signature="preparacionPrueba()[pri:0, instance:tests.Tests@2b546384]" started-at="2022-09-16T01:46:53Z" name="preparacionPrueba" finished-at="2022-09-16T01:46:53Z" duration-ms="34" status="PASS">
          <reporter-output>
          </reporter-output>
        </test-method> <!-- preparacionPrueba -->
        <test-method is-config="true" signature="preparacionTests()[pri:0, instance:tests.Tests@2b546384]" started-at="2022-09-16T01:46:53Z" name="preparacionTests" finished-at="2022-09-16T01:47:00Z" duration-ms="6802" status="PASS">
          <reporter-output>
          </reporter-output>
        </test-method> <!-- preparacionTests -->
        <test-method signature="CP007_agregarProductoSinLogin()[pri:0, instance:tests.Tests@2b546384]" started-at="2022-09-16T01:47:00Z" name="CP007_agregarProductoSinLogin" finished-at="2022-09-16T01:47:09Z" duration-ms="8797" status="PASS">
          <reporter-output>
          </reporter-output>
        </test-method> <!-- CP007_agregarProductoSinLogin -->
        <test-method is-config="true" signature="preparacionPrueba()[pri:0, instance:tests.Tests@2b546384]" started-at="2022-09-16T01:47:09Z" name="preparacionPrueba" finished-at="2022-09-16T01:47:09Z" duration-ms="61" status="PASS">
          <reporter-output>
          </reporter-output>
        </test-method> <!-- preparacionPrueba -->
        <test-method is-config="true" signature="preparacionTests()[pri:0, instance:tests.Tests@2b546384]" started-at="2022-09-16T01:47:09Z" name="preparacionTests" finished-at="2022-09-16T01:47:14Z" duration-ms="5324" status="PASS">
          <reporter-output>
          </reporter-output>
        </test-method> <!-- preparacionTests -->
        <test-method signature="CP008_emptyCartMessage()[pri:0, instance:tests.Tests@2b546384]" started-at="2022-09-16T01:47:14Z" name="CP008_emptyCartMessage" finished-at="2022-09-16T01:47:30Z" duration-ms="15477" status="PASS">
          <reporter-output>
          </reporter-output>
        </test-method> <!-- CP008_emptyCartMessage -->
        <test-method is-config="true" signature="preparacionPrueba()[pri:0, instance:tests.Tests@2b546384]" started-at="2022-09-16T01:47:30Z" name="preparacionPrueba" finished-at="2022-09-16T01:47:30Z" duration-ms="55" status="PASS">
          <reporter-output>
          </reporter-output>
        </test-method> <!-- preparacionPrueba -->
        <test-method is-config="true" signature="FinSuitDePruebas()[pri:0, instance:tests.Tests@2b546384]" started-at="2022-09-16T01:47:30Z" name="FinSuitDePruebas" finished-at="2022-09-16T01:47:30Z" duration-ms="1" status="PASS">
          <reporter-output>
          </reporter-output>
        </test-method> <!-- FinSuitDePruebas -->
      </class> <!-- tests.Tests -->
    </test> <!-- Test Basics 1 -->
  </suite> <!-- Suite pruebas de regresión -->
</testng-results>
