<?xml version="1.0" encoding="UTF-8"?>
<testng-results ignored="0" total="2" passed="2" failed="0" skipped="0">
  <reporter-output>
  </reporter-output>
  <suite started-at="2022-09-14T22:17:14Z" name="Suite pruebas de regresión" finished-at="2022-09-14T22:18:09Z" duration-ms="54943">
    <groups>
    </groups>
    <test started-at="2022-09-14T22:17:14Z" name="Test Basics 1" finished-at="2022-09-14T22:18:09Z" duration-ms="54943">
      <class name="tests.Tests">
        <test-method is-config="true" signature="inicioSuitDePruebas()[pri:0, instance:tests.Tests@123f1134]" started-at="2022-09-14T22:17:14Z" name="inicioSuitDePruebas" finished-at="2022-09-14T22:17:14Z" duration-ms="7" status="PASS">
          <reporter-output>
          </reporter-output>
        </test-method> <!-- inicioSuitDePruebas -->
        <test-method is-config="true" signature="preparacionClase()[pri:0, instance:tests.Tests@123f1134]" started-at="2022-09-14T22:17:14Z" name="preparacionClase" finished-at="2022-09-14T22:17:14Z" duration-ms="0" status="PASS">
          <reporter-output>
          </reporter-output>
        </test-method> <!-- preparacionClase -->
        <test-method is-config="true" signature="preparacionTests()[pri:0, instance:tests.Tests@123f1134]" started-at="2022-09-14T22:17:14Z" name="preparacionTests" finished-at="2022-09-14T22:17:20Z" duration-ms="5582" status="PASS">
          <reporter-output>
          </reporter-output>
        </test-method> <!-- preparacionTests -->
        <test-method signature="CP001_loginInvalidEmail()[pri:0, instance:tests.Tests@123f1134]" started-at="2022-09-14T22:17:20Z" name="CP001_loginInvalidEmail" finished-at="2022-09-14T22:17:27Z" duration-ms="6804" status="PASS">
          <reporter-output>
          </reporter-output>
        </test-method> <!-- CP001_loginInvalidEmail -->
        <test-method is-config="true" signature="preparacionPrueba()[pri:0, instance:tests.Tests@123f1134]" started-at="2022-09-14T22:17:27Z" name="preparacionPrueba" finished-at="2022-09-14T22:17:27Z" duration-ms="61" status="PASS">
          <reporter-output>
          </reporter-output>
        </test-method> <!-- preparacionPrueba -->
        <test-method is-config="true" signature="preparacionTests()[pri:0, instance:tests.Tests@123f1134]" started-at="2022-09-14T22:17:27Z" name="preparacionTests" finished-at="2022-09-14T22:17:32Z" duration-ms="5369" status="PASS">
          <reporter-output>
          </reporter-output>
        </test-method> <!-- preparacionTests -->
        <test-method signature="CP002_loginEmail()[pri:0, instance:tests.Tests@123f1134]" started-at="2022-09-14T22:17:32Z" name="CP002_loginEmail" finished-at="2022-09-14T22:18:09Z" duration-ms="37074" status="PASS">
          <reporter-output>
          </reporter-output>
        </test-method> <!-- CP002_loginEmail -->
        <test-method is-config="true" signature="preparacionPrueba()[pri:0, instance:tests.Tests@123f1134]" started-at="2022-09-14T22:18:09Z" name="preparacionPrueba" finished-at="2022-09-14T22:18:09Z" duration-ms="42" status="PASS">
          <reporter-output>
          </reporter-output>
        </test-method> <!-- preparacionPrueba -->
        <test-method is-config="true" signature="FinSuitDePruebas()[pri:0, instance:tests.Tests@123f1134]" started-at="2022-09-14T22:18:09Z" name="FinSuitDePruebas" finished-at="2022-09-14T22:18:09Z" duration-ms="0" status="PASS">
          <reporter-output>
          </reporter-output>
        </test-method> <!-- FinSuitDePruebas -->
      </class> <!-- tests.Tests -->
    </test> <!-- Test Basics 1 -->
  </suite> <!-- Suite pruebas de regresión -->
</testng-results>
