<?xml version="1.0" encoding="UTF-8"?>
<!-- Generated by org.testng.reporters.JUnitXMLReporter -->
<testsuite ignored="0" hostname="DESKTOP-313EV6M" failures="0" tests="8" name="Test Basics 1" time="214.369" errors="0" timestamp="16 sep. 2022 01:47:30 GMT">
  <testcase classname="tests.Tests" name="CP001_loginInvalidEmail" time="18.037"/>
  <testcase classname="tests.Tests" name="CP002_loginEmail" time="11.104"/>
  <testcase classname="tests.Tests" name="CP003_logInSuccessfully" time="11.459"/>
  <testcase classname="tests.Tests" name="CP004_addProductToWishlist" time="18.861"/>
  <testcase classname="tests.Tests" name="CP005_checkThatProductAppearsonWantedList" time="33.81"/>
  <testcase classname="tests.Tests" name="CP006_searchProductNotAddedToWishList" time="31.505"/>
  <testcase classname="tests.Tests" name="CP007_agregarProductoSinLogin" time="8.797"/>
  <testcase classname="tests.Tests" name="CP008_emptyCartMessage" time="15.477"/>
</testsuite> <!-- Test Basics 1 -->
